#
# There is insufficient memory for the Java Runtime Environment to continue.
# Native memory allocation (malloc) failed to allocate 798000 bytes for Chunk::new
# Possible reasons:
#   The system is out of physical RAM or swap space
#   The process is running with CompressedOops enabled, and the Java Heap may be blocking the growth of the native heap
# Possible solutions:
#   Reduce memory load on the system
#   Increase physical memory or swap space
#   Check if swap backing store is full
#   Decrease Java heap size (-Xmx/-Xms)
#   Decrease number of Java threads
#   Decrease Java thread stack sizes (-Xss)
#   Set larger code cache with -XX:ReservedCodeCacheSize=
#   JVM is running with Zero Based Compressed Oops mode in which the Java heap is
#     placed in the first 32GB address space. The Java Heap base address is the
#     maximum limit for the native heap growth. Please use -XX:HeapBaseMinAddress
#     to set the Java Heap base and to place the Java Heap above 32GB virtual address.
# This output file may be truncated or incomplete.
#
#  Out of Memory Error (arena.cpp:189), pid=20364, tid=14828
#
# JRE version: OpenJDK Runtime Environment (17.0.6) (build 17.0.6+0-b2043.56-10027231)
# Java VM: OpenJDK 64-Bit Server VM (17.0.6+0-b2043.56-10027231, mixed mode, tiered, compressed oops, compressed class ptrs, g1 gc, windows-amd64)
# No core dump will be written. Minidumps are not enabled by default on client versions of Windows
#

---------------  S U M M A R Y ------------

Command Line: org.jetbrains.kotlin.cli.jvm.K2JVMCompiler @D:\Orbish PVT\DemoApps\app\build\20240211_10474308061860545606.compiler.options

Host: Intel(R) Core(TM) i3-8145U CPU @ 2.10GHz, 4 cores, 11G,  Windows 11 , 64 bit Build 22621 (10.0.22621.2506)
Time: Sun Feb 11 20:26:27 2024 India Standard Time elapsed time: 49.880427 seconds (0d 0h 0m 49s)

---------------  T H R E A D  ---------------

Current thread (0x000001905dc6ccb0):  JavaThread "C2 CompilerThread0" daemon [_thread_in_native, id=14828, stack(0x00000009c0300000,0x00000009c0400000)]


Current CompileTask:
C2:  49880 8972       4       org.jetbrains.org.objectweb.asm.ClassReader::readMethod (1061 bytes)

Stack: [0x00000009c0300000,0x00000009c0400000]
Native frames: (J=compiled Java code, j=interpreted, Vv=VM code, C=native code)
V  [jvm.dll+0x683c9a]
V  [jvm.dll+0x8427a4]
V  [jvm.dll+0x843f9e]
V  [jvm.dll+0x844603]
V  [jvm.dll+0x249b75]
V  [jvm.dll+0xabcac]
V  [jvm.dll+0xac27c]
V  [jvm.dll+0x368857]
V  [jvm.dll+0x1bd0b8]
V  [jvm.dll+0x21c359]
V  [jvm.dll+0x21b621]
V  [jvm.dll+0x1a4fdd]
V  [jvm.dll+0x22b098]
V  [jvm.dll+0x229159]
V  [jvm.dll+0x7f81ec]
V  [jvm.dll+0x7f274a]
V  [jvm.dll+0x682ad5]
C  [ucrtbase.dll+0x29363]
C  [KERNEL32.DLL+0x1257d]
C  [ntdll.dll+0x5aa58]


---------------  P R O C E S S  ---------------

Threads class SMR info:
_java_thread_list=0x0000019062d98cc0, length=12, elements={
0x000001903f66c1a0, 0x000001905dc00080, 0x000001905dc01910, 0x000001905dc4f410,
0x000001905dc51fd0, 0x000001905dc55130, 0x000001905dc56280, 0x000001905dc6ccb0,
0x000001905dc6e4f0, 0x000001905dc82d70, 0x000001905ddbfa40, 0x000001905ddc60e0
}

Java Threads: ( => current thread )
  0x000001903f66c1a0 JavaThread "main" [_thread_in_vm, id=11968, stack(0x00000009bf600000,0x00000009bf700000)]
  0x000001905dc00080 JavaThread "Reference Handler" daemon [_thread_blocked, id=8740, stack(0x00000009bfd00000,0x00000009bfe00000)]
  0x000001905dc01910 JavaThread "Finalizer" daemon [_thread_blocked, id=13764, stack(0x00000009bfe00000,0x00000009bff00000)]
  0x000001905dc4f410 JavaThread "Signal Dispatcher" daemon [_thread_blocked, id=13816, stack(0x00000009bff00000,0x00000009c0000000)]
  0x000001905dc51fd0 JavaThread "Attach Listener" daemon [_thread_blocked, id=10084, stack(0x00000009c0000000,0x00000009c0100000)]
  0x000001905dc55130 JavaThread "Service Thread" daemon [_thread_blocked, id=6088, stack(0x00000009c0100000,0x00000009c0200000)]
  0x000001905dc56280 JavaThread "Monitor Deflation Thread" daemon [_thread_blocked, id=19800, stack(0x00000009c0200000,0x00000009c0300000)]
=>0x000001905dc6ccb0 JavaThread "C2 CompilerThread0" daemon [_thread_in_native, id=14828, stack(0x00000009c0300000,0x00000009c0400000)]
  0x000001905dc6e4f0 JavaThread "C1 CompilerThread0" daemon [_thread_blocked, id=16764, stack(0x00000009c0400000,0x00000009c0500000)]
  0x000001905dc82d70 JavaThread "Sweeper thread" daemon [_thread_blocked, id=18596, stack(0x00000009c0500000,0x00000009c0600000)]
  0x000001905ddbfa40 JavaThread "Notification Thread" daemon [_thread_blocked, id=10436, stack(0x00000009c0600000,0x00000009c0700000)]
  0x000001905ddc60e0 JavaThread "Common-Cleaner" daemon [_thread_blocked, id=18612, stack(0x00000009c0800000,0x00000009c0900000)]

Other Threads:
  0x000001905d062640 VMThread "VM Thread" [stack: 0x00000009bfc00000,0x00000009bfd00000] [id=12692]
  0x000001903f6e1060 WatcherThread [stack: 0x00000009c0700000,0x00000009c0800000] [id=21080]
  0x000001903f6cd900 GCTaskThread "GC Thread#0" [stack: 0x00000009bf700000,0x00000009bf800000] [id=896]
  0x000001905e19d860 GCTaskThread "GC Thread#1" [stack: 0x00000009c0900000,0x00000009c0a00000] [id=9836]
  0x000001905e19fb20 GCTaskThread "GC Thread#2" [stack: 0x00000009c0a00000,0x00000009c0b00000] [id=11676]
  0x000001905e19fdd0 GCTaskThread "GC Thread#3" [stack: 0x00000009c0b00000,0x00000009c0c00000] [id=14672]
  0x000001903f6da600 ConcurrentGCThread "G1 Main Marker" [stack: 0x00000009bf800000,0x00000009bf900000] [id=6548]
  0x000001903f6db010 ConcurrentGCThread "G1 Conc#0" [stack: 0x00000009bf900000,0x00000009bfa00000] [id=13960]
  0x000001905ced20c0 ConcurrentGCThread "G1 Refine#0" [stack: 0x00000009bfa00000,0x00000009bfb00000] [id=9036]
  0x000001905ced2ae0 ConcurrentGCThread "G1 Service" [stack: 0x00000009bfb00000,0x00000009bfc00000] [id=4824]

Threads with active compile tasks:
C2 CompilerThread0    49900 8972       4       org.jetbrains.org.objectweb.asm.ClassReader::readMethod (1061 bytes)

VM state: not at safepoint (normal execution)

VM Mutex/Monitor currently owned by a thread:  ([mutex/lock_event])
[0x000001903f62ac20] Metaspace_lock - owner thread: 0x000001903f66c1a0

Heap address: 0x0000000742400000, size: 3036 MB, Compressed Oops mode: Zero based, Oop shift amount: 3

CDS archive(s) not mapped
Compressed class space mapped at: 0x0000000800000000-0x0000000840000000, reserved size: 1073741824
Narrow klass base: 0x0000000800000000, Narrow klass shift: 0, Narrow klass range: 0x40000000

GC Precious Log:
 CPUs: 4 total, 4 available
 Memory: 12140M
 Large Page Support: Disabled
 NUMA Support: Disabled
 Compressed Oops: Enabled (Zero based)
 Heap Region Size: 2M
 Heap Min Capacity: 8M
 Heap Initial Capacity: 190M
 Heap Max Capacity: 3036M
 Pre-touch: Disabled
 Parallel Workers: 4
 Concurrent Workers: 1
 Concurrent Refinement Workers: 4
 Periodic GC: Disabled

Heap:
 garbage-first heap   total 98304K, used 69372K [0x0000000742400000, 0x0000000800000000)
  region size 2048K, 9 young (18432K), 2 survivors (4096K)
 Metaspace       used 65817K, committed 66048K, reserved 1114112K
  class space    used 7746K, committed 7872K, reserved 1048576K

Heap Regions: E=young(eden), S=young(survivor), O=old, HS=humongous(starts), HC=humongous(continues), CS=collection set, F=free, OA=open archive, CA=closed archive, TAMS=top-at-mark-start (previous, next)
|   0|0x0000000742400000, 0x0000000742600000, 0x0000000742600000|100%|HS|  |TAMS 0x0000000742600000, 0x0000000742400000| Complete 
|   1|0x0000000742600000, 0x0000000742800000, 0x0000000742800000|100%|HC|  |TAMS 0x0000000742800000, 0x0000000742600000| Complete 
|   2|0x0000000742800000, 0x00000007429db800, 0x0000000742a00000| 92%| O|  |TAMS 0x00000007429db800, 0x0000000742800000| Untracked 
|   3|0x0000000742a00000, 0x0000000742c00000, 0x0000000742c00000|100%| O|  |TAMS 0x0000000742c00000, 0x0000000742a00000| Untracked 
|   4|0x0000000742c00000, 0x0000000742e00000, 0x0000000742e00000|100%| O|  |TAMS 0x0000000742e00000, 0x0000000742c00000| Untracked 
|   5|0x0000000742e00000, 0x0000000743000000, 0x0000000743000000|100%| O|  |TAMS 0x0000000743000000, 0x0000000742e00000| Untracked 
|   6|0x0000000743000000, 0x0000000743200000, 0x0000000743200000|100%| O|  |TAMS 0x0000000743200000, 0x0000000743000000| Untracked 
|   7|0x0000000743200000, 0x0000000743400000, 0x0000000743400000|100%|HS|  |TAMS 0x0000000743400000, 0x0000000743200000| Complete 
|   8|0x0000000743400000, 0x0000000743600000, 0x0000000743600000|100%| O|  |TAMS 0x0000000743600000, 0x0000000743400000| Untracked 
|   9|0x0000000743600000, 0x0000000743800000, 0x0000000743800000|100%| O|  |TAMS 0x0000000743800000, 0x0000000743600000| Untracked 
|  10|0x0000000743800000, 0x0000000743a00000, 0x0000000743a00000|100%| O|  |TAMS 0x0000000743a00000, 0x0000000743800000| Untracked 
|  11|0x0000000743a00000, 0x0000000743c00000, 0x0000000743c00000|100%| O|  |TAMS 0x0000000743c00000, 0x0000000743a00000| Untracked 
|  12|0x0000000743c00000, 0x0000000743e00000, 0x0000000743e00000|100%| O|  |TAMS 0x0000000743e00000, 0x0000000743c00000| Untracked 
|  13|0x0000000743e00000, 0x0000000744000000, 0x0000000744000000|100%| O|  |TAMS 0x0000000744000000, 0x0000000743e00000| Untracked 
|  14|0x0000000744000000, 0x0000000744200000, 0x0000000744200000|100%| O|  |TAMS 0x0000000744200000, 0x0000000744000000| Untracked 
|  15|0x0000000744200000, 0x0000000744400000, 0x0000000744400000|100%| O|  |TAMS 0x0000000744400000, 0x0000000744200000| Untracked 
|  16|0x0000000744400000, 0x0000000744600000, 0x0000000744600000|100%| O|  |TAMS 0x0000000744600000, 0x0000000744400000| Untracked 
|  17|0x0000000744600000, 0x0000000744800000, 0x0000000744800000|100%| O|  |TAMS 0x0000000744800000, 0x0000000744600000| Untracked 
|  18|0x0000000744800000, 0x0000000744a00000, 0x0000000744a00000|100%| O|  |TAMS 0x0000000744a00000, 0x0000000744800000| Untracked 
|  19|0x0000000744a00000, 0x0000000744c00000, 0x0000000744c00000|100%| O|  |TAMS 0x0000000744c00000, 0x0000000744a00000| Untracked 
|  20|0x0000000744c00000, 0x0000000744e00000, 0x0000000744e00000|100%| O|  |TAMS 0x0000000744e00000, 0x0000000744c00000| Untracked 
|  21|0x0000000744e00000, 0x0000000745000000, 0x0000000745000000|100%| O|  |TAMS 0x0000000744fc8e00, 0x0000000744e00000| Untracked 
|  22|0x0000000745000000, 0x0000000745200000, 0x0000000745200000|100%| O|  |TAMS 0x0000000745000000, 0x0000000745000000| Untracked 
|  23|0x0000000745200000, 0x0000000745400000, 0x0000000745400000|100%| O|  |TAMS 0x0000000745200000, 0x0000000745200000| Untracked 
|  24|0x0000000745400000, 0x0000000745600000, 0x0000000745600000|100%| O|  |TAMS 0x0000000745400000, 0x0000000745400000| Untracked 
|  25|0x0000000745600000, 0x0000000745800000, 0x0000000745800000|100%| O|  |TAMS 0x0000000745600000, 0x0000000745600000| Untracked 
|  26|0x0000000745800000, 0x00000007458bd400, 0x0000000745a00000| 36%| O|  |TAMS 0x0000000745800000, 0x0000000745800000| Untracked 
|  27|0x0000000745a00000, 0x0000000745a00000, 0x0000000745c00000|  0%| F|  |TAMS 0x0000000745a00000, 0x0000000745a00000| Untracked 
|  28|0x0000000745c00000, 0x0000000745c00000, 0x0000000745e00000|  0%| F|  |TAMS 0x0000000745c00000, 0x0000000745c00000| Untracked 
|  29|0x0000000745e00000, 0x0000000745e00000, 0x0000000746000000|  0%| F|  |TAMS 0x0000000745e00000, 0x0000000745e00000| Untracked 
|  30|0x0000000746000000, 0x0000000746000000, 0x0000000746200000|  0%| F|  |TAMS 0x0000000746000000, 0x0000000746000000| Untracked 
|  31|0x0000000746200000, 0x0000000746200000, 0x0000000746400000|  0%| F|  |TAMS 0x0000000746200000, 0x0000000746200000| Untracked 
|  32|0x0000000746400000, 0x0000000746400000, 0x0000000746600000|  0%| F|  |TAMS 0x0000000746400000, 0x0000000746400000| Untracked 
|  33|0x0000000746600000, 0x0000000746600000, 0x0000000746800000|  0%| F|  |TAMS 0x0000000746600000, 0x0000000746600000| Untracked 
|  34|0x0000000746800000, 0x0000000746800000, 0x0000000746a00000|  0%| F|  |TAMS 0x0000000746800000, 0x0000000746800000| Untracked 
|  35|0x0000000746a00000, 0x0000000746a00000, 0x0000000746c00000|  0%| F|  |TAMS 0x0000000746a00000, 0x0000000746a00000| Untracked 
|  36|0x0000000746c00000, 0x0000000746d26498, 0x0000000746e00000| 57%| S|CS|TAMS 0x0000000746c00000, 0x0000000746c00000| Complete 
|  37|0x0000000746e00000, 0x0000000747000000, 0x0000000747000000|100%| S|CS|TAMS 0x0000000746e00000, 0x0000000746e00000| Complete 
|  38|0x0000000747000000, 0x0000000747000000, 0x0000000747200000|  0%| F|  |TAMS 0x0000000747000000, 0x0000000747000000| Untracked 
|  39|0x0000000747200000, 0x0000000747200000, 0x0000000747400000|  0%| F|  |TAMS 0x0000000747200000, 0x0000000747200000| Untracked 
|  40|0x0000000747400000, 0x0000000747400000, 0x0000000747600000|  0%| F|  |TAMS 0x0000000747400000, 0x0000000747400000| Untracked 
|  41|0x0000000747600000, 0x0000000747758be0, 0x0000000747800000| 67%| E|  |TAMS 0x0000000747600000, 0x0000000747600000| Complete 
|  42|0x0000000747800000, 0x0000000747a00000, 0x0000000747a00000|100%| E|CS|TAMS 0x0000000747800000, 0x0000000747800000| Complete 
|  43|0x0000000747a00000, 0x0000000747c00000, 0x0000000747c00000|100%| E|CS|TAMS 0x0000000747a00000, 0x0000000747a00000| Complete 
|  76|0x000000074bc00000, 0x000000074be00000, 0x000000074be00000|100%| E|CS|TAMS 0x000000074bc00000, 0x000000074bc00000| Complete 
|  77|0x000000074be00000, 0x000000074c000000, 0x000000074c000000|100%| E|CS|TAMS 0x000000074be00000, 0x000000074be00000| Complete 
|  78|0x000000074c000000, 0x000000074c200000, 0x000000074c200000|100%| E|CS|TAMS 0x000000074c000000, 0x000000074c000000| Complete 
|  94|0x000000074e000000, 0x000000074e200000, 0x000000074e200000|100%| E|CS|TAMS 0x000000074e000000, 0x000000074e000000| Complete 

Card table byte_map: [0x0000019053f20000,0x0000019054510000] _byte_map_base: 0x000001905050e000

Marking Bits (Prev, Next): (CMBitMap*) 0x000001903f6cdf50, (CMBitMap*) 0x000001903f6cdf10
 Prev Bits: [0x0000019057a70000, 0x000001905a9e0000)
 Next Bits: [0x0000019054b00000, 0x0000019057a70000)

Polling page: 0x000001903f500000

Metaspace:

Usage:
  Non-class:     56.71 MB used.
      Class:      7.57 MB used.
       Both:     64.28 MB used.

Virtual space:
  Non-class space:       64.00 MB reserved,      56.81 MB ( 89%) committed,  8 nodes.
      Class space:        1.00 GB reserved,       7.69 MB ( <1%) committed,  1 nodes.
             Both:        1.06 GB reserved,      64.50 MB (  6%) committed. 

Chunk freelists:
   Non-Class:  3.11 MB
       Class:  320.00 KB
        Both:  3.42 MB

MaxMetaspaceSize: unlimited
CompressedClassSpaceSize: 1.00 GB
Initial GC threshold: 21.00 MB
Current GC threshold: 102.94 MB
CDS: off
MetaspaceReclaimPolicy: balanced
 - commit_granule_bytes: 65536.
 - commit_granule_words: 8192.
 - virtual_space_node_default_size: 1048576.
 - enlarge_chunks_in_place: 1.
 - new_chunks_are_fully_committed: 0.
 - uncommit_free_chunks: 1.
 - use_allocation_guard: 0.
 - handle_deallocations: 1.


Internal statistics:

num_allocs_failed_limit: 6.
num_arena_births: 266.
num_arena_deaths: 0.
num_vsnodes_births: 9.
num_vsnodes_deaths: 0.
num_space_committed: 1030.
num_space_uncommitted: 0.
num_chunks_returned_to_freelist: 6.
num_chunks_taken_from_freelist: 2314.
num_chunk_merges: 6.
num_chunk_splits: 1893.
num_chunks_enlarged: 1702.
num_purges: 0.
num_inconsistent_stats: 0.

CodeHeap 'non-profiled nmethods': size=120000Kb used=4669Kb max_used=4841Kb free=115330Kb
 bounds [0x000001904bdd0000, 0x000001904c2a0000, 0x0000019053300000]
CodeHeap 'profiled nmethods': size=120000Kb used=20830Kb max_used=20830Kb free=99170Kb
 bounds [0x0000019044300000, 0x0000019045760000, 0x000001904b830000]
CodeHeap 'non-nmethods': size=5760Kb used=1299Kb max_used=1393Kb free=4460Kb
 bounds [0x000001904b830000, 0x000001904baa0000, 0x000001904bdd0000]
 total_blobs=8283 nmethods=7675 adapters=518
 compilation: enabled
              stopped_count=0, restarted_count=0
 full_count=0

Compilation events (20 events):
Event: 49.823 Thread 0x000001905dc6e4f0 9008       3       org.jetbrains.kotlin.resolve.checkers.OptInUsageChecker$Companion::loadOptInForMarkerAnnotation$frontend$default (26 bytes)
Event: 49.823 Thread 0x000001905dc6e4f0 nmethod 9008 0x0000019045752290 code [0x0000019045752440, 0x00000190457525e8]
Event: 49.823 Thread 0x000001905dc6e4f0 9009       3       org.jetbrains.kotlin.resolve.checkers.OptInUsageChecker$Companion::loadOptInForMarkerAnnotation$frontend (225 bytes)
Event: 49.825 Thread 0x000001905dc6e4f0 nmethod 9009 0x0000019045752710 code [0x0000019045752ba0, 0x0000019045755078]
Event: 49.825 Thread 0x000001905dc6e4f0 9010       3       org.jetbrains.kotlin.psi.KtVisitorVoid::visitQualifiedExpression (17 bytes)
Event: 49.826 Thread 0x000001905dc6e4f0 nmethod 9010 0x0000019045755b10 code [0x0000019045755d00, 0x00000190457561d8]
Event: 49.833 Thread 0x000001905dc6e4f0 9012       3       org.jetbrains.kotlin.psi.KtCallExpression::accept (15 bytes)
Event: 49.833 Thread 0x000001905dc6e4f0 nmethod 9012 0x0000019045756390 code [0x0000019045756540, 0x00000190457567b8]
Event: 49.833 Thread 0x000001905dc6e4f0 9013       3       org.jetbrains.kotlin.psi.KtUserType::accept (15 bytes)
Event: 49.834 Thread 0x000001905dc6e4f0 nmethod 9013 0x0000019045756890 code [0x0000019045756a40, 0x0000019045756cb8]
Event: 49.834 Thread 0x000001905dc6e4f0 9014       3       org.jetbrains.kotlin.psi.KtVisitorVoid::visitUserType (10 bytes)
Event: 49.834 Thread 0x000001905dc6e4f0 nmethod 9014 0x0000019045756d90 code [0x0000019045756f60, 0x0000019045757318]
Event: 49.834 Thread 0x000001905dc6e4f0 9015       3       org.jetbrains.kotlin.psi.KtVisitorVoid::visitUserType (17 bytes)
Event: 49.834 Thread 0x000001905dc6e4f0 nmethod 9015 0x0000019045757410 code [0x00000190457575c0, 0x0000019045757818]
Event: 49.835 Thread 0x000001905dc6e4f0 9016       3       org.jetbrains.kotlin.psi.KtValueArgumentList::accept (15 bytes)
Event: 49.835 Thread 0x000001905dc6e4f0 nmethod 9016 0x0000019045757910 code [0x0000019045757ac0, 0x0000019045757d38]
Event: 49.835 Thread 0x000001905dc6e4f0 9017       3       org.jetbrains.kotlin.psi.KtVisitor::visitValueArgumentList (16 bytes)
Event: 49.836 Thread 0x000001905dc6e4f0 nmethod 9017 0x0000019045757e10 code [0x0000019045757fc0, 0x0000019045758218]
Event: 49.871 Thread 0x000001905dc6e4f0 9018       3       kotlin.jvm.internal.PropertyReference::<init> (40 bytes)
Event: 49.871 Thread 0x000001905dc6e4f0 nmethod 9018 0x0000019045758310 code [0x00000190457584c0, 0x00000190457588f8]

GC Heap History (20 events):
Event: 26.434 GC heap before
{Heap before GC invocations=18 (full 0):
 garbage-first heap   total 59392K, used 42790K [0x0000000742400000, 0x0000000800000000)
  region size 2048K, 7 young (14336K), 1 survivors (2048K)
 Metaspace       used 54585K, committed 54784K, reserved 1097728K
  class space    used 6620K, committed 6720K, reserved 1048576K
}
Event: 26.445 GC heap after
{Heap after GC invocations=19 (full 0):
 garbage-first heap   total 59392K, used 33915K [0x0000000742400000, 0x0000000800000000)
  region size 2048K, 1 young (2048K), 1 survivors (2048K)
 Metaspace       used 54585K, committed 54784K, reserved 1097728K
  class space    used 6620K, committed 6720K, reserved 1048576K
}
Event: 27.627 GC heap before
{Heap before GC invocations=20 (full 0):
 garbage-first heap   total 65536K, used 42107K [0x0000000742400000, 0x0000000800000000)
  region size 2048K, 5 young (10240K), 1 survivors (2048K)
 Metaspace       used 55489K, committed 55744K, reserved 1105920K
  class space    used 6664K, committed 6784K, reserved 1048576K
}
Event: 27.637 GC heap after
{Heap after GC invocations=21 (full 0):
 garbage-first heap   total 65536K, used 35690K [0x0000000742400000, 0x0000000800000000)
  region size 2048K, 1 young (2048K), 1 survivors (2048K)
 Metaspace       used 55489K, committed 55744K, reserved 1105920K
  class space    used 6664K, committed 6784K, reserved 1048576K
}
Event: 28.287 GC heap before
{Heap before GC invocations=21 (full 0):
 garbage-first heap   total 65536K, used 45930K [0x0000000742400000, 0x0000000800000000)
  region size 2048K, 6 young (12288K), 1 survivors (2048K)
 Metaspace       used 55816K, committed 56064K, reserved 1105920K
  class space    used 6671K, committed 6784K, reserved 1048576K
}
Event: 28.299 GC heap after
{Heap after GC invocations=22 (full 0):
 garbage-first heap   total 65536K, used 37554K [0x0000000742400000, 0x0000000800000000)
  region size 2048K, 1 young (2048K), 1 survivors (2048K)
 Metaspace       used 55816K, committed 56064K, reserved 1105920K
  class space    used 6671K, committed 6784K, reserved 1048576K
}
Event: 28.846 GC heap before
{Heap before GC invocations=23 (full 0):
 garbage-first heap   total 69632K, used 47794K [0x0000000742400000, 0x0000000800000000)
  region size 2048K, 6 young (12288K), 1 survivors (2048K)
 Metaspace       used 55926K, committed 56192K, reserved 1105920K
  class space    used 6671K, committed 6784K, reserved 1048576K
}
Event: 28.859 GC heap after
{Heap after GC invocations=24 (full 0):
 garbage-first heap   total 69632K, used 39784K [0x0000000742400000, 0x0000000800000000)
  region size 2048K, 1 young (2048K), 1 survivors (2048K)
 Metaspace       used 55926K, committed 56192K, reserved 1105920K
  class space    used 6671K, committed 6784K, reserved 1048576K
}
Event: 29.854 GC heap before
{Heap before GC invocations=24 (full 0):
 garbage-first heap   total 69632K, used 52072K [0x0000000742400000, 0x0000000800000000)
  region size 2048K, 7 young (14336K), 1 survivors (2048K)
 Metaspace       used 56172K, committed 56384K, reserved 1105920K
  class space    used 6693K, committed 6784K, reserved 1048576K
}
Event: 29.869 GC heap after
{Heap after GC invocations=25 (full 0):
 garbage-first heap   total 69632K, used 42340K [0x0000000742400000, 0x0000000800000000)
  region size 2048K, 1 young (2048K), 1 survivors (2048K)
 Metaspace       used 56172K, committed 56384K, reserved 1105920K
  class space    used 6693K, committed 6784K, reserved 1048576K
}
Event: 30.241 GC heap before
{Heap before GC invocations=26 (full 0):
 garbage-first heap   total 75776K, used 52580K [0x0000000742400000, 0x0000000800000000)
  region size 2048K, 6 young (12288K), 1 survivors (2048K)
 Metaspace       used 56471K, committed 56704K, reserved 1105920K
  class space    used 6721K, committed 6848K, reserved 1048576K
}
Event: 30.252 GC heap after
{Heap after GC invocations=27 (full 0):
 garbage-first heap   total 75776K, used 43573K [0x0000000742400000, 0x0000000800000000)
  region size 2048K, 1 young (2048K), 1 survivors (2048K)
 Metaspace       used 56471K, committed 56704K, reserved 1105920K
  class space    used 6721K, committed 6848K, reserved 1048576K
}
Event: 31.238 GC heap before
{Heap before GC invocations=27 (full 0):
 garbage-first heap   total 75776K, used 57909K [0x0000000742400000, 0x0000000800000000)
  region size 2048K, 8 young (16384K), 1 survivors (2048K)
 Metaspace       used 59120K, committed 59328K, reserved 1105920K
  class space    used 7136K, committed 7232K, reserved 1048576K
}
Event: 31.247 GC heap after
{Heap after GC invocations=28 (full 0):
 garbage-first heap   total 98304K, used 44508K [0x0000000742400000, 0x0000000800000000)
  region size 2048K, 1 young (2048K), 1 survivors (2048K)
 Metaspace       used 59120K, committed 59328K, reserved 1105920K
  class space    used 7136K, committed 7232K, reserved 1048576K
}
Event: 35.457 GC heap before
{Heap before GC invocations=29 (full 0):
 garbage-first heap   total 98304K, used 73180K [0x0000000742400000, 0x0000000800000000)
  region size 2048K, 15 young (30720K), 1 survivors (2048K)
 Metaspace       used 60887K, committed 61120K, reserved 1105920K
  class space    used 7310K, committed 7424K, reserved 1048576K
}
Event: 35.481 GC heap after
{Heap after GC invocations=30 (full 0):
 garbage-first heap   total 98304K, used 48785K [0x0000000742400000, 0x0000000800000000)
  region size 2048K, 2 young (4096K), 2 survivors (4096K)
 Metaspace       used 60887K, committed 61120K, reserved 1105920K
  class space    used 7310K, committed 7424K, reserved 1048576K
}
Event: 39.310 GC heap before
{Heap before GC invocations=30 (full 0):
 garbage-first heap   total 98304K, used 73361K [0x0000000742400000, 0x0000000800000000)
  region size 2048K, 15 young (30720K), 2 survivors (4096K)
 Metaspace       used 62977K, committed 63232K, reserved 1105920K
  class space    used 7505K, committed 7616K, reserved 1048576K
}
Event: 39.335 GC heap after
{Heap after GC invocations=31 (full 0):
 garbage-first heap   total 98304K, used 53441K [0x0000000742400000, 0x0000000800000000)
  region size 2048K, 2 young (4096K), 2 survivors (4096K)
 Metaspace       used 62977K, committed 63232K, reserved 1105920K
  class space    used 7505K, committed 7616K, reserved 1048576K
}
Event: 45.912 GC heap before
{Heap before GC invocations=32 (full 0):
 garbage-first heap   total 98304K, used 71873K [0x0000000742400000, 0x0000000800000000)
  region size 2048K, 12 young (24576K), 2 survivors (4096K)
 Metaspace       used 64483K, committed 64704K, reserved 1105920K
  class space    used 7633K, committed 7744K, reserved 1048576K
}
Event: 45.939 GC heap after
{Heap after GC invocations=33 (full 0):
 garbage-first heap   total 98304K, used 57084K [0x0000000742400000, 0x0000000800000000)
  region size 2048K, 2 young (4096K), 2 survivors (4096K)
 Metaspace       used 64483K, committed 64704K, reserved 1105920K
  class space    used 7633K, committed 7744K, reserved 1048576K
}

Dll operation events (2 events):
Event: 0.010 Loaded shared library C:\Program Files\Android\Android Studio\jbr\bin\java.dll
Event: 17.617 Loaded shared library C:\Program Files\Android\Android Studio\jbr\bin\verify.dll

Deoptimization events (20 events):
Event: 49.678 Thread 0x000001903f66c1a0 Uncommon trap: trap_request=0xffffffde fr.pc=0x000001904c0eda3c relative=0x000000000000169c
Event: 49.678 Thread 0x000001903f66c1a0 Uncommon trap: reason=class_check action=maybe_recompile pc=0x000001904c0eda3c method=java.util.concurrent.ConcurrentHashMap.putVal(Ljava/lang/Object;Ljava/lang/Object;Z)Ljava/lang/Object; @ 242 c2
Event: 49.678 Thread 0x000001903f66c1a0 DEOPT PACKING pc=0x000001904c0eda3c sp=0x00000009bf6fe070
Event: 49.678 Thread 0x000001903f66c1a0 DEOPT UNPACKING pc=0x000001904b8869a3 sp=0x00000009bf6fe010 mode 2
Event: 49.697 Thread 0x000001903f66c1a0 Uncommon trap: trap_request=0xffffff54 fr.pc=0x000001904bffa9a8 relative=0x0000000000000f68
Event: 49.697 Thread 0x000001903f66c1a0 Uncommon trap: reason=speculate_null_assert action=make_not_entrant pc=0x000001904bffa9a8 method=org.jetbrains.kotlin.load.java.components.JavaAnnotationMapper.findMappedJavaAnnotation(Lorg/jetbrains/kotlin/name/FqName;Lorg/jetbrains/kotlin/load/java/stru
Event: 49.697 Thread 0x000001903f66c1a0 DEOPT PACKING pc=0x000001904bffa9a8 sp=0x00000009bf6fdde0
Event: 49.697 Thread 0x000001903f66c1a0 DEOPT UNPACKING pc=0x000001904b8869a3 sp=0x00000009bf6fdd80 mode 2
Event: 49.698 Thread 0x000001903f66c1a0 Uncommon trap: trap_request=0xffffff45 fr.pc=0x000001904c0cab9c relative=0x00000000000000fc
Event: 49.698 Thread 0x000001903f66c1a0 Uncommon trap: reason=unstable_if action=reinterpret pc=0x000001904c0cab9c method=java.util.ArrayList.indexOfRange(Ljava/lang/Object;II)I @ 7 c2
Event: 49.698 Thread 0x000001903f66c1a0 DEOPT PACKING pc=0x000001904c0cab9c sp=0x00000009bf6fe0e0
Event: 49.698 Thread 0x000001903f66c1a0 DEOPT UNPACKING pc=0x000001904b8869a3 sp=0x00000009bf6fdf90 mode 2
Event: 49.700 Thread 0x000001903f66c1a0 Uncommon trap: trap_request=0xffffff45 fr.pc=0x000001904c0ca79c relative=0x00000000000000fc
Event: 49.700 Thread 0x000001903f66c1a0 Uncommon trap: reason=unstable_if action=reinterpret pc=0x000001904c0ca79c method=java.util.ArrayList.indexOfRange(Ljava/lang/Object;II)I @ 7 c2
Event: 49.700 Thread 0x000001903f66c1a0 DEOPT PACKING pc=0x000001904c0ca79c sp=0x00000009bf6fddd0
Event: 49.700 Thread 0x000001903f66c1a0 DEOPT UNPACKING pc=0x000001904b8869a3 sp=0x00000009bf6fdd70 mode 2
Event: 49.800 Thread 0x000001903f66c1a0 Uncommon trap: trap_request=0xffffff45 fr.pc=0x000001904c06483c relative=0x0000000000001a9c
Event: 49.800 Thread 0x000001903f66c1a0 Uncommon trap: reason=unstable_if action=reinterpret pc=0x000001904c06483c method=org.jetbrains.kotlin.psi.KtImportDirective.isAllUnder()Z @ 31 c2
Event: 49.800 Thread 0x000001903f66c1a0 DEOPT PACKING pc=0x000001904c06483c sp=0x00000009bf6fe200
Event: 49.800 Thread 0x000001903f66c1a0 DEOPT UNPACKING pc=0x000001904b8869a3 sp=0x00000009bf6fe0d0 mode 2

Classes unloaded (0 events):
No events

Classes redefined (0 events):
No events

Internal exceptions (20 events):
Event: 25.533 Thread 0x000001903f66c1a0 Exception <a 'java/lang/NoSuchMethodError'{0x000000074c174d20}: 'java.lang.Object java.lang.invoke.DirectMethodHandle$Holder.newInvokeSpecial(java.lang.Object, java.lang.Object, java.lang.Object, java.lang.Object, int)'> (0x000000074c174d20) 
thrown [s\src\hotspot\share\interpreter\linkResolver.cpp, line 771]
Event: 25.534 Thread 0x000001903f66c1a0 Exception <a 'java/lang/NoSuchMethodError'{0x000000074c17d8e0}: 'java.lang.Object java.lang.invoke.Invokers$Holder.linkToTargetMethod(java.lang.Object, java.lang.Object, java.lang.Object, int, java.lang.Object)'> (0x000000074c17d8e0) 
thrown [s\src\hotspot\share\interpreter\linkResolver.cpp, line 771]
Event: 25.873 Thread 0x000001903f66c1a0 Exception <a 'java/lang/NoSuchMethodError'{0x00000007452bcc90}: 'java.lang.Object java.lang.invoke.DirectMethodHandle$Holder.newInvokeSpecial(java.lang.Object, java.lang.Object, java.lang.Object, java.lang.Object, java.lang.Object, java.lang.Object)'> (0x00000007452bcc90) 
thrown [s\src\hotspot\share\interpreter\linkResolver.cpp, line 771]
Event: 27.169 Thread 0x000001903f66c1a0 Exception <a 'java/lang/NoSuchMethodError'{0x000000074beb0230}: 'java.lang.Object java.lang.invoke.DirectMethodHandle$Holder.invokeStaticInit(java.lang.Object, java.lang.Object, java.lang.Object)'> (0x000000074beb0230) 
thrown [s\src\hotspot\share\interpreter\linkResolver.cpp, line 771]
Event: 28.774 Thread 0x000001903f66c1a0 Implicit null exception at 0x000001904be19494 to 0x000001904be196d8
Event: 28.774 Thread 0x000001903f66c1a0 Implicit null exception at 0x000001904be3230f to 0x000001904be32389
Event: 29.131 Thread 0x000001903f66c1a0 Exception <a 'java/lang/NoSuchMethodError'{0x000000074be99730}: 'java.lang.Object java.lang.invoke.DirectMethodHandle$Holder.newInvokeSpecial(java.lang.Object, int, java.lang.Object)'> (0x000000074be99730) 
thrown [s\src\hotspot\share\interpreter\linkResolver.cpp, line 771]
Event: 29.134 Thread 0x000001903f66c1a0 Exception <a 'java/lang/NoSuchMethodError'{0x000000074be9fda8}: 'int java.lang.invoke.DirectMethodHandle$Holder.invokeInterface(java.lang.Object, java.lang.Object)'> (0x000000074be9fda8) 
thrown [s\src\hotspot\share\interpreter\linkResolver.cpp, line 771]
Event: 30.378 Thread 0x000001903f66c1a0 Implicit null exception at 0x000001904be87820 to 0x000001904be87daf
Event: 30.905 Thread 0x000001903f66c1a0 Exception <a 'java/lang/NoSuchMethodError'{0x000000074608a298}: 'void java.lang.invoke.DirectMethodHandle$Holder.invokeInterface(java.lang.Object, java.lang.Object)'> (0x000000074608a298) 
thrown [s\src\hotspot\share\interpreter\linkResolver.cpp, line 771]
Event: 31.062 Thread 0x000001903f66c1a0 Exception <a 'java/lang/IncompatibleClassChangeError'{0x000000074618a868}: Found class java.lang.Object, but interface was expected> (0x000000074618a868) 
thrown [s\src\hotspot\share\interpreter\linkResolver.cpp, line 838]
Event: 31.110 Thread 0x000001903f66c1a0 Implicit null exception at 0x000001904bf021cc to 0x000001904bf022d4
Event: 31.158 Thread 0x000001903f66c1a0 Exception <a 'java/lang/NoSuchMethodError'{0x0000000745e7fce0}: 'int java.lang.invoke.DirectMethodHandle$Holder.invokeStaticInit(java.lang.Object, int)'> (0x0000000745e7fce0) 
thrown [s\src\hotspot\share\interpreter\linkResolver.cpp, line 771]
Event: 32.926 Thread 0x000001903f66c1a0 Exception <a 'java/lang/NoSuchMethodError'{0x00000007474a0c18}: 'java.lang.Object java.lang.invoke.DirectMethodHandle$Holder.invokeInterface(java.lang.Object, java.lang.Object, java.lang.Object)'> (0x00000007474a0c18) 
thrown [s\src\hotspot\share\interpreter\linkResolver.cpp, line 771]
Event: 32.926 Thread 0x000001903f66c1a0 Exception <a 'java/lang/IncompatibleClassChangeError'{0x00000007474a4588}: Found class java.lang.Object, but interface was expected> (0x00000007474a4588) 
thrown [s\src\hotspot\share\interpreter\linkResolver.cpp, line 838]
Event: 36.269 Thread 0x000001903f66c1a0 Exception <a 'java/lang/NoSuchMethodError'{0x000000074bee1490}: 'java.lang.Object java.lang.invoke.DirectMethodHandle$Holder.newInvokeSpecial(java.lang.Object, java.lang.Object, java.lang.Object, java.lang.Object, java.lang.Object, java.lang.Object, java.lang.Object)'> (0x000000074bee1490) 
thrown [s\src\hotspot\share\interpreter\linkResolver.cpp, line 771]
Event: 36.269 Thread 0x000001903f66c1a0 Exception <a 'java/lang/NoSuchMethodError'{0x000000074bee6048}: 'java.lang.Object java.lang.invoke.Invokers$Holder.linkToTargetMethod(java.lang.Object, java.lang.Object, java.lang.Object, java.lang.Object, java.lang.Object, java.lang.Object, java.lang.Object)'> (0x000000074bee6048) 
thrown [s\src\hotspot\share\interpreter\linkResolver.cpp, line 771]
Event: 37.521 Thread 0x000001903f66c1a0 Exception <a 'java/lang/NoSuchMethodError'{0x00000007476b9368}: 'java.lang.Object java.lang.invoke.DirectMethodHandle$Holder.newInvokeSpecial(java.lang.Object, int, java.lang.Object, java.lang.Object)'> (0x00000007476b9368) 
thrown [s\src\hotspot\share\interpreter\linkResolver.cpp, line 771]
Event: 38.764 Thread 0x000001903f66c1a0 Implicit null exception at 0x000001904c0c7e40 to 0x000001904c0c8778
Event: 47.331 Thread 0x000001903f66c1a0 Exception <a 'java/lang/NoSuchMethodError'{0x000000074c050e60}: 'java.lang.Object java.lang.invoke.DirectMethodHandle$Holder.invokeStatic(java.lang.Object, int, java.lang.Object)'> (0x000000074c050e60) 
thrown [s\src\hotspot\share\interpreter\linkResolver.cpp, line 771]

VM Operations (20 events):
Event: 43.844 Executing VM operation: Cleanup
Event: 44.041 Executing VM operation: Cleanup done
Event: 45.082 Executing VM operation: Cleanup
Event: 45.188 Executing VM operation: Cleanup done
Event: 45.190 Executing VM operation: HandshakeAllThreads
Event: 45.190 Executing VM operation: HandshakeAllThreads done
Event: 45.911 Executing VM operation: G1CollectForAllocation
Event: 45.939 Executing VM operation: G1CollectForAllocation done
Event: 46.953 Executing VM operation: Cleanup
Event: 47.051 Executing VM operation: Cleanup done
Event: 47.076 Executing VM operation: HandshakeAllThreads
Event: 47.076 Executing VM operation: HandshakeAllThreads done
Event: 47.335 Executing VM operation: HandshakeAllThreads
Event: 47.335 Executing VM operation: HandshakeAllThreads done
Event: 48.337 Executing VM operation: Cleanup
Event: 48.530 Executing VM operation: Cleanup done
Event: 49.550 Executing VM operation: Cleanup
Event: 49.552 Executing VM operation: Cleanup done
Event: 49.812 Executing VM operation: ICBufferFull
Event: 49.812 Executing VM operation: ICBufferFull done

Events (20 events):
Event: 39.019 Thread 0x000001905dc82d70 flushing nmethod 0x0000019045215390
Event: 39.019 Thread 0x000001905dc82d70 flushing nmethod 0x00000190452b1210
Event: 39.020 Thread 0x000001905dc82d70 flushing nmethod 0x00000190452c1990
Event: 39.492 Thread 0x00000190635cb9c0 Thread exited: 0x00000190635cb9c0
Event: 39.644 Thread 0x0000019062de2f50 Thread added: 0x0000019062de2f50
Event: 40.503 Thread 0x0000019062de2f50 Thread exited: 0x0000019062de2f50
Event: 40.579 loading class java/util/concurrent/locks/AbstractQueuedSynchronizer$Node
Event: 40.580 loading class java/util/concurrent/locks/AbstractQueuedSynchronizer$Node done
Event: 42.024 Thread 0x000001905e01e310 Thread added: 0x000001905e01e310
Event: 43.391 Thread 0x000001905e01e310 Thread exited: 0x000001905e01e310
Event: 49.858 loading class java/text/MessageFormat
Event: 49.859 loading class java/text/Format
Event: 49.859 loading class java/text/Format done
Event: 49.859 loading class java/text/MessageFormat done
Event: 49.869 loading class jdk/internal/reflect/UnsafeBooleanFieldAccessorImpl
Event: 49.869 loading class jdk/internal/reflect/UnsafeBooleanFieldAccessorImpl done
Event: 49.869 loading class jdk/internal/reflect/UnsafeQualifiedObjectFieldAccessorImpl
Event: 49.870 loading class jdk/internal/reflect/UnsafeQualifiedFieldAccessorImpl
Event: 49.870 loading class jdk/internal/reflect/UnsafeQualifiedFieldAccessorImpl done
Event: 49.870 loading class jdk/internal/reflect/UnsafeQualifiedObjectFieldAccessorImpl done


Dynamic libraries:
0x00007ff73a870000 - 0x00007ff73a87a000 	C:\Program Files\Android\Android Studio\jbr\bin\java.exe
0x00007ffaa7cd0000 - 0x00007ffaa7ee7000 	C:\WINDOWS\SYSTEM32\ntdll.dll
0x00007ffaa6af0000 - 0x00007ffaa6bb4000 	C:\WINDOWS\System32\KERNEL32.DLL
0x00007ffaa5010000 - 0x00007ffaa53b6000 	C:\WINDOWS\System32\KERNELBASE.dll
0x00007ffa31f50000 - 0x00007ffa31f67000 	C:\Program Files\Android\Android Studio\jbr\bin\jli.dll
0x00007ffaa65b0000 - 0x00007ffaa675e000 	C:\WINDOWS\System32\USER32.dll
0x00007ffaa59f0000 - 0x00007ffaa5a16000 	C:\WINDOWS\System32\win32u.dll
0x00007ffaa5510000 - 0x00007ffaa5621000 	C:\WINDOWS\System32\ucrtbase.dll
0x00007ffaa5d50000 - 0x00007ffaa5d79000 	C:\WINDOWS\System32\GDI32.dll
0x00007ffa913f0000 - 0x00007ffa9140b000 	C:\Program Files\Android\Android Studio\jbr\bin\VCRUNTIME140.dll
0x00007ffa8f000000 - 0x00007ffa8f293000 	C:\WINDOWS\WinSxS\amd64_microsoft.windows.common-controls_6595b64144ccf1df_6.0.22621.2506_none_270c5ae97388e100\COMCTL32.dll
0x00007ffaa5a80000 - 0x00007ffaa5b27000 	C:\WINDOWS\System32\msvcrt.dll
0x00007ffaa53c0000 - 0x00007ffaa54d8000 	C:\WINDOWS\System32\gdi32full.dll
0x00007ffaa5630000 - 0x00007ffaa56ca000 	C:\WINDOWS\System32\msvcp_win.dll
0x00007ffaa6cc0000 - 0x00007ffaa6cf1000 	C:\WINDOWS\System32\IMM32.DLL
0x00007ffa9b550000 - 0x00007ffa9b55c000 	C:\Program Files\Android\Android Studio\jbr\bin\vcruntime140_1.dll
0x00007ffa6c5a0000 - 0x00007ffa6c62d000 	C:\Program Files\Android\Android Studio\jbr\bin\msvcp140.dll
0x00007ffa16b00000 - 0x00007ffa1776e000 	C:\Program Files\Android\Android Studio\jbr\bin\server\jvm.dll
0x00007ffaa6bc0000 - 0x00007ffaa6c73000 	C:\WINDOWS\System32\ADVAPI32.dll
0x00007ffaa5c10000 - 0x00007ffaa5cb8000 	C:\WINDOWS\System32\sechost.dll
0x00007ffaa54e0000 - 0x00007ffaa5508000 	C:\WINDOWS\System32\bcrypt.dll
0x00007ffaa6d00000 - 0x00007ffaa6e17000 	C:\WINDOWS\System32\RPCRT4.dll
0x00007ffa87e60000 - 0x00007ffa87e69000 	C:\WINDOWS\SYSTEM32\WSOCK32.dll
0x00007ffaa60a0000 - 0x00007ffaa6111000 	C:\WINDOWS\System32\WS2_32.dll
0x00007ffa99380000 - 0x00007ffa9938a000 	C:\WINDOWS\SYSTEM32\VERSION.dll
0x00007ffa9a120000 - 0x00007ffa9a154000 	C:\WINDOWS\SYSTEM32\WINMM.dll
0x00007ffaa4000000 - 0x00007ffaa4018000 	C:\WINDOWS\SYSTEM32\kernel.appcore.dll
0x00007ffa80930000 - 0x00007ffa8093a000 	C:\Program Files\Android\Android Studio\jbr\bin\jimage.dll
0x00007ffa9f5e0000 - 0x00007ffa9f813000 	C:\WINDOWS\SYSTEM32\DBGHELP.DLL
0x00007ffaa6760000 - 0x00007ffaa6ae9000 	C:\WINDOWS\System32\combase.dll
0x00007ffaa5b30000 - 0x00007ffaa5c07000 	C:\WINDOWS\System32\OLEAUT32.dll
0x00007ffa816d0000 - 0x00007ffa81702000 	C:\WINDOWS\SYSTEM32\dbgcore.DLL
0x00007ffaa5970000 - 0x00007ffaa59ea000 	C:\WINDOWS\System32\bcryptPrimitives.dll
0x00007ffa2cee0000 - 0x00007ffa2cf05000 	C:\Program Files\Android\Android Studio\jbr\bin\java.dll
0x00007ffa2cde0000 - 0x00007ffa2cdf8000 	C:\Program Files\Android\Android Studio\jbr\bin\zip.dll
0x00007ffaa7330000 - 0x00007ffaa7b8a000 	C:\WINDOWS\System32\SHELL32.dll
0x00007ffaa2f10000 - 0x00007ffaa3806000 	C:\WINDOWS\SYSTEM32\windows.storage.dll
0x00007ffaa2dd0000 - 0x00007ffaa2f0e000 	C:\WINDOWS\SYSTEM32\wintypes.dll
0x00007ffaa7b90000 - 0x00007ffaa7c83000 	C:\WINDOWS\System32\SHCORE.dll
0x00007ffaa5a20000 - 0x00007ffaa5a7e000 	C:\WINDOWS\System32\shlwapi.dll
0x00007ffaa4f40000 - 0x00007ffaa4f66000 	C:\WINDOWS\SYSTEM32\profapi.dll
0x00007ffa2cdc0000 - 0x00007ffa2cdd9000 	C:\Program Files\Android\Android Studio\jbr\bin\net.dll
0x00007ffa99de0000 - 0x00007ffa99f17000 	C:\WINDOWS\SYSTEM32\WINHTTP.dll
0x00007ffaa4470000 - 0x00007ffaa44d9000 	C:\WINDOWS\system32\mswsock.dll
0x00007ffa2c6b0000 - 0x00007ffa2c6c6000 	C:\Program Files\Android\Android Studio\jbr\bin\nio.dll
0x00007ffa8e220000 - 0x00007ffa8e230000 	C:\Program Files\Android\Android Studio\jbr\bin\verify.dll

dbghelp: loaded successfully - version: 4.0.5 - missing functions: none
symbol engine: initialized successfully - sym options: 0x614 - pdb path: .;C:\Program Files\Android\Android Studio\jbr\bin;C:\WINDOWS\SYSTEM32;C:\WINDOWS\WinSxS\amd64_microsoft.windows.common-controls_6595b64144ccf1df_6.0.22621.2506_none_270c5ae97388e100;C:\Program Files\Android\Android Studio\jbr\bin\server

VM Arguments:
java_command: org.jetbrains.kotlin.cli.jvm.K2JVMCompiler @D:\Orbish PVT\DemoApps\app\build\20240211_10474308061860545606.compiler.options
java_class_path (initial): C:\Users\Rohan Kumar\.gradle\caches\modules-2\files-2.1\org.jetbrains.kotlin\kotlin-compiler-embeddable\1.9.0\2c8c3a7402becca891f12739b3e9fd2dc2adbd7a\kotlin-compiler-embeddable-1.9.0.jar;C:\Users\Rohan Kumar\.gradle\caches\modules-2\files-2.1\org.jetbrains.kotlin\kotlin-stdlib\1.9.0\8ee15ef0c67dc83d874f412d84378d7f0eb50b63\kotlin-stdlib-1.9.0.jar;C:\Users\Rohan Kumar\.gradle\caches\modules-2\files-2.1\org.jetbrains.kotlin\kotlin-script-runtime\1.9.0\4b3102cbbb7e1b58d9d1adf89563f00069ffa7d1\kotlin-script-runtime-1.9.0.jar;C:\Users\Rohan Kumar\.gradle\caches\modules-2\files-2.1\org.jetbrains.kotlin\kotlin-reflect\1.6.10\1cbe9c92c12a94eea200d23c2bbaedaf3daf5132\kotlin-reflect-1.6.10.jar;C:\Users\Rohan Kumar\.gradle\caches\modules-2\files-2.1\org.jetbrains.kotlin\kotlin-daemon-embeddable\1.9.0\186543f5e28cf8d9a0290fecc2cf34301c40a65c\kotlin-daemon-embeddable-1.9.0.jar;C:\Users\Rohan Kumar\.gradle\caches\modules-2\files-2.1\org.jetbrains.intellij.deps\trove4j\1.0.20200330\3afb14d5f9ceb459d724e907a21145e8ff394f02\trove4j-1.0.20200330.jar;C:\Users\Rohan Kumar\.gradle\caches\modules-2\files-2.1\org.jetbrains.kotlin\kotlin-stdlib-common\1.9.0\cd65c21cfd1eec4d44ef09f9f52b6d9f8a720636\kotlin-stdlib-common-1.9.0.jar;C:\Users\Rohan Kumar\.gradle\caches\modules-2\files-2.1\org.jetbrains\annotations\13.0\919f0dfe192fb4e063e7dacadee7f8bb9a2672a9\annotations-13.0.jar
Launcher Type: SUN_STANDARD

[Global flags]
     intx CICompilerCount                          = 3                                         {product} {ergonomic}
     uint ConcGCThreads                            = 1                                         {product} {ergonomic}
     uint G1ConcRefinementThreads                  = 4                                         {product} {ergonomic}
   size_t G1HeapRegionSize                         = 2097152                                   {product} {ergonomic}
    uintx GCDrainStackTargetSize                   = 64                                        {product} {ergonomic}
   size_t InitialHeapSize                          = 199229440                                 {product} {ergonomic}
   size_t MarkStackSize                            = 4194304                                   {product} {ergonomic}
   size_t MaxHeapSize                              = 3183476736                                {product} {ergonomic}
   size_t MaxNewSize                               = 1908408320                                {product} {ergonomic}
   size_t MinHeapDeltaBytes                        = 2097152                                   {product} {ergonomic}
   size_t MinHeapSize                              = 8388608                                   {product} {ergonomic}
    uintx NonNMethodCodeHeapSize                   = 5832780                                {pd product} {ergonomic}
    uintx NonProfiledCodeHeapSize                  = 122912730                              {pd product} {ergonomic}
    uintx ProfiledCodeHeapSize                     = 122912730                              {pd product} {ergonomic}
    uintx ReservedCodeCacheSize                    = 251658240                              {pd product} {ergonomic}
     bool SegmentedCodeCache                       = true                                      {product} {ergonomic}
   size_t SoftMaxHeapSize                          = 3183476736                             {manageable} {ergonomic}
     bool UseCompressedClassPointers               = true                           {product lp64_product} {ergonomic}
     bool UseCompressedOops                        = true                           {product lp64_product} {ergonomic}
     bool UseG1GC                                  = true                                      {product} {ergonomic}
     bool UseLargePagesIndividualAllocation        = false                                  {pd product} {ergonomic}

Logging:
Log output configuration:
 #0: stdout all=warning uptime,level,tags
 #1: stderr all=off uptime,level,tags

Environment Variables:
PATH=C:\WINDOWS\system32;C:\WINDOWS;C:\WINDOWS\System32\Wbem;C:\WINDOWS\System32\WindowsPowerShell\v1.0\;C:\WINDOWS\System32\OpenSSH\;C:\Program Files\Git\cmd;C:\Program Files\Git\bin;C:\src\flutter\bin;C:\Users\Rohan Kumar\AppData\Local\Microsoft\WindowsApps;C:\Users\Rohan Kumar\AppData\Local\GitHubDesktop\bin
USERNAME=Rohan Kumar
OS=Windows_NT
PROCESSOR_IDENTIFIER=Intel64 Family 6 Model 142 Stepping 12, GenuineIntel
TMP=C:\Users\ROHANK~1\AppData\Local\Temp
TEMP=C:\Users\ROHANK~1\AppData\Local\Temp


JNI global refs:
JNI global refs: 9, weak refs: 3

JNI global refs memory usage: 843, weak refs: 841


---------------  S Y S T E M  ---------------

OS:
 Windows 11 , 64 bit Build 22621 (10.0.22621.2506)
OS uptime: 3 days 9:11 hours
Hyper-V role detected

CPU: total 4 (initial active 4) (2 cores per cpu, 2 threads per core) family 6 model 142 stepping 12 microcode 0xde, cx8, cmov, fxsr, ht, mmx, 3dnowpref, sse, sse2, sse3, ssse3, sse4.1, sse4.2, popcnt, lzcnt, tsc, tscinvbit, avx, avx2, aes, erms, clmul, bmi1, bmi2, adx, fma, vzeroupper, clflush, clflushopt, hv

Memory: 4k page, system-wide physical 12140M (348M free)
TotalPageFile size 25675M (AvailPageFile size 0M)
current process WorkingSet (physical memory assigned to process): 265M, peak: 282M
current process commit charge ("private bytes"): 293M, peak: 311M

vm_info: OpenJDK 64-Bit Server VM (17.0.6+0-b2043.56-10027231) for windows-amd64 JRE (17.0.6+0-b2043.56-10027231), built on Apr 28 2023 00:43:19 by "androidbuild" with MS VC++ 16.10 / 16.11 (VS2019)

END.
